# JRE version: OpenJDK Runtime Environment (8.0_152-b01) (build 1.8.0_152-release-1248-b01)
# Java VM: OpenJDK 64-Bit Server VM (25.152-b01 mixed mode linux-amd64 compressed oops)
Heap:
 PSYoungGen      total 178688K, used 4050K [0x00000000e0000000, 0x00000000ec200000, 0x0000000100000000)
  eden space 162816K, 0% used [0x00000000e0000000,0x00000000e0000000,0x00000000e9f00000)
  from space 15872K, 25% used [0x00000000e9f00000,0x00000000ea2f4b78,0x00000000eae80000)
  to   space 14848K, 0% used [0x00000000eae80000,0x00000000eae80000,0x00000000ebd00000)
 ParOldGen       total 55296K, used 33828K [0x00000000a0000000, 0x00000000a3600000, 0x00000000e0000000)
  object space 55296K, 61% used [0x00000000a0000000,0x00000000a21090d8,0x00000000a3600000)
 Metaspace       used 57475K, capacity 58920K, committed 59160K, reserved 1099776K
  class space    used 7820K, capacity 8221K, committed 8240K, reserved 1048576K
GC Heap History (10 events):
Event: 7,604 GC heap after
Heap after GC invocations=10 (full 1):
 PSYoungGen      total 128512K, used 9712K [0x00000000e0000000, 0x00000000e9380000, 0x0000000100000000)
  eden space 118784K, 0% used [0x00000000e0000000,0x00000000e0000000,0x00000000e7400000)
  from space 9728K, 99% used [0x00000000e7400000,0x00000000e7d7c1b8,0x00000000e7d80000)
  to   space 11776K, 0% used [0x00000000e8800000,0x00000000e8800000,0x00000000e9380000)
 ParOldGen       total 35840K, used 11260K [0x00000000a0000000, 0x00000000a2300000, 0x00000000e0000000)
  object space 35840K, 31% used [0x00000000a0000000,0x00000000a0aff2f0,0x00000000a2300000)
 Metaspace       used 31474K, capacity 32064K, committed 32304K, reserved 1077248K
  class space    used 4403K, capacity 4637K, committed 4656K, reserved 1048576K
}
Event: 8,380 GC heap before
{Heap before GC invocations=11 (full 1):
 PSYoungGen      total 128512K, used 26848K [0x00000000e0000000, 0x00000000e9380000, 0x0000000100000000)
  eden space 118784K, 14% used [0x00000000e0000000,0x00000000e10bbf28,0x00000000e7400000)
  from space 9728K, 99% used [0x00000000e7400000,0x00000000e7d7c1b8,0x00000000e7d80000)
  to   space 11776K, 0% used [0x00000000e8800000,0x00000000e8800000,0x00000000e9380000)
 ParOldGen       total 35840K, used 11260K [0x00000000a0000000, 0x00000000a2300000, 0x00000000e0000000)
  object space 35840K, 31% used [0x00000000a0000000,0x00000000a0aff2f0,0x00000000a2300000)
 Metaspace       used 34744K, capacity 35324K, committed 35496K, reserved 1079296K
  class space    used 4840K, capacity 5064K, committed 5168K, reserved 1048576K
Event: 8,391 GC heap after
Heap after GC invocations=11 (full 1):
 PSYoungGen      total 139776K, used 5612K [0x00000000e0000000, 0x00000000eb200000, 0x0000000100000000)
  eden space 128000K, 0% used [0x00000000e0000000,0x00000000e0000000,0x00000000e7d00000)
  from space 11776K, 47% used [0x00000000e8800000,0x00000000e8d7b060,0x00000000e9380000)
  to   space 11264K, 0% used [0x00000000e7d00000,0x00000000e7d00000,0x00000000e8800000)
 ParOldGen       total 35840K, used 14521K [0x00000000a0000000, 0x00000000a2300000, 0x00000000e0000000)
  object space 35840K, 40% used [0x00000000a0000000,0x00000000a0e2e630,0x00000000a2300000)
 Metaspace       used 34744K, capacity 35324K, committed 35496K, reserved 1079296K
  class space    used 4840K, capacity 5064K, committed 5168K, reserved 1048576K
}
Event: 8,391 GC heap before
{Heap before GC invocations=12 (full 2):
 PSYoungGen      total 139776K, used 5612K [0x00000000e0000000, 0x00000000eb200000, 0x0000000100000000)
  eden space 128000K, 0% used [0x00000000e0000000,0x00000000e0000000,0x00000000e7d00000)
  from space 11776K, 47% used [0x00000000e8800000,0x00000000e8d7b060,0x00000000e9380000)
  to   space 11264K, 0% used [0x00000000e7d00000,0x00000000e7d00000,0x00000000e8800000)
 ParOldGen       total 35840K, used 14521K [0x00000000a0000000, 0x00000000a2300000, 0x00000000e0000000)
  object space 35840K, 40% used [0x00000000a0000000,0x00000000a0e2e630,0x00000000a2300000)
 Metaspace       used 34744K, capacity 35324K, committed 35496K, reserved 1079296K
  class space    used 4840K, capacity 5064K, committed 5168K, reserved 1048576K
Event: 8,524 GC heap after
Heap after GC invocations=12 (full 2):
 PSYoungGen      total 139776K, used 0K [0x00000000e0000000, 0x00000000eb200000, 0x0000000100000000)
  eden space 128000K, 0% used [0x00000000e0000000,0x00000000e0000000,0x00000000e7d00000)
  from space 11776K, 0% used [0x00000000e8800000,0x00000000e8800000,0x00000000e9380000)
  to   space 11264K, 0% used [0x00000000e7d00000,0x00000000e7d00000,0x00000000e8800000)
 ParOldGen       total 55296K, used 15532K [0x00000000a0000000, 0x00000000a3600000, 0x00000000e0000000)
  object space 55296K, 28% used [0x00000000a0000000,0x00000000a0f2b3f0,0x00000000a3600000)
 Metaspace       used 34744K, capacity 35324K, committed 35496K, reserved 1079296K
  class space    used 4840K, capacity 5064K, committed 5168K, reserved 1048576K
}
Event: 11,110 GC heap before
{Heap before GC invocations=13 (full 2):
 PSYoungGen      total 139776K, used 128000K [0x00000000e0000000, 0x00000000eb200000, 0x0000000100000000)
  eden space 128000K, 100% used [0x00000000e0000000,0x00000000e7d00000,0x00000000e7d00000)
  from space 11776K, 0% used [0x00000000e8800000,0x00000000e8800000,0x00000000e9380000)
  to   space 11264K, 0% used [0x00000000e7d00000,0x00000000e7d00000,0x00000000e8800000)
 ParOldGen       total 55296K, used 15532K [0x00000000a0000000, 0x00000000a3600000, 0x00000000e0000000)
  object space 55296K, 28% used [0x00000000a0000000,0x00000000a0f2b3f0,0x00000000a3600000)
 Metaspace       used 45156K, capacity 45910K, committed 46128K, reserved 1089536K
  class space    used 6172K, capacity 6426K, committed 6448K, reserved 1048576K
Event: 11,181 GC heap after
Heap after GC invocations=13 (full 2):
 PSYoungGen      total 139264K, used 11263K [0x00000000e0000000, 0x00000000ebd00000, 0x0000000100000000)
  eden space 128000K, 0% used [0x00000000e0000000,0x00000000e0000000,0x00000000e7d00000)
  from space 11264K, 99% used [0x00000000e7d00000,0x00000000e87fff20,0x00000000e8800000)
  to   space 14848K, 0% used [0x00000000eae80000,0x00000000eae80000,0x00000000ebd00000)
 ParOldGen       total 55296K, used 21244K [0x00000000a0000000, 0x00000000a3600000, 0x00000000e0000000)
  object space 55296K, 38% used [0x00000000a0000000,0x00000000a14bf160,0x00000000a3600000)
 Metaspace       used 45156K, capacity 45910K, committed 46128K, reserved 1089536K
  class space    used 6172K, capacity 6426K, committed 6448K, reserved 1048576K
}
Event: 15,964 GC heap before
{Heap before GC invocations=14 (full 2):
 PSYoungGen      total 139264K, used 139263K [0x00000000e0000000, 0x00000000ebd00000, 0x0000000100000000)
  eden space 128000K, 100% used [0x00000000e0000000,0x00000000e7d00000,0x00000000e7d00000)
  from space 11264K, 99% used [0x00000000e7d00000,0x00000000e87fff20,0x00000000e8800000)
  to   space 14848K, 0% used [0x00000000eae80000,0x00000000eae80000,0x00000000ebd00000)
 ParOldGen       total 55296K, used 21244K [0x00000000a0000000, 0x00000000a3600000, 0x00000000e0000000)
  object space 55296K, 38% used [0x00000000a0000000,0x00000000a14bf160,0x00000000a3600000)
 Metaspace       used 55114K, capacity 56438K, committed 56496K, reserved 1097728K
  class space    used 7460K, capacity 7834K, committed 7856K, reserved 1048576K
Event: 16,162 GC heap after
Heap after GC invocations=14 (full 2):
 PSYoungGen      total 177664K, used 12056K [0x00000000e0000000, 0x00000000ec200000, 0x0000000100000000)
  eden space 162816K, 0% used [0x00000000e0000000,0x00000000e0000000,0x00000000e9f00000)
  from space 14848K, 81% used [0x00000000eae80000,0x00000000eba46168,0x00000000ebd00000)
  to   space 15872K, 0% used [0x00000000e9f00000,0x00000000e9f00000,0x00000000eae80000)
 ParOldGen       total 55296K, used 30046K [0x00000000a0000000, 0x00000000a3600000, 0x00000000e0000000)
  object space 55296K, 54% used [0x00000000a0000000,0x00000000a1d578d8,0x00000000a3600000)
 Metaspace       used 55114K, capacity 56438K, committed 56496K, reserved 1097728K
  class space    used 7460K, capacity 7834K, committed 7856K, reserved 1048576K
}
Event: 357,955 GC heap before
{Heap before GC invocations=15 (full 2):
 PSYoungGen      total 177664K, used 53996K [0x00000000e0000000, 0x00000000ec200000, 0x0000000100000000)
  eden space 162816K, 25% used [0x00000000e0000000,0x00000000e28f4f58,0x00000000e9f00000)
  from space 14848K, 81% used [0x00000000eae80000,0x00000000eba46168,0x00000000ebd00000)
  to   space 15872K, 0% used [0x00000000e9f00000,0x00000000e9f00000,0x00000000eae80000)
 ParOldGen       total 55296K, used 30046K [0x00000000a0000000, 0x00000000a3600000, 0x00000000e0000000)
  object space 55296K, 54% used [0x00000000a0000000,0x00000000a1d578d8,0x00000000a3600000)
 Metaspace       used 57475K, capacity 58920K, committed 59160K, reserved 1099776K
  class space    used 7820K, capacity 8221K, committed 8240K, reserved 1048576K

