# JRE version: OpenJDK Runtime Environment (8.0_152-b01) (build 1.8.0_152-release-1248-b01)
# Java VM: OpenJDK 64-Bit Server VM (25.152-b01 mixed mode linux-amd64 compressed oops)
Heap:
 PSYoungGen      total 183808K, used 3793K [0x00000000e0000000, 0x00000000ed800000, 0x0000000100000000)
  eden space 167936K, 0% used [0x00000000e0000000,0x00000000e0000000,0x00000000ea400000)
  from space 15872K, 23% used [0x00000000ea400000,0x00000000ea7b4440,0x00000000eb380000)
  to   space 14848K, 0% used [0x00000000eb380000,0x00000000eb380000,0x00000000ec200000)
 ParOldGen       total 51712K, used 34249K [0x00000000a0000000, 0x00000000a3280000, 0x00000000e0000000)
  object space 51712K, 66% used [0x00000000a0000000,0x00000000a21726f0,0x00000000a3280000)
 Metaspace       used 57538K, capacity 58990K, committed 59160K, reserved 1099776K
  class space    used 7835K, capacity 8222K, committed 8240K, reserved 1048576K
GC Heap History (10 events):
Event: 8,805 GC heap after
Heap after GC invocations=10 (full 1):
 PSYoungGen      total 128000K, used 9188K [0x00000000e0000000, 0x00000000e9480000, 0x0000000100000000)
  eden space 118784K, 0% used [0x00000000e0000000,0x00000000e0000000,0x00000000e7400000)
  from space 9216K, 99% used [0x00000000e7400000,0x00000000e7cf9338,0x00000000e7d00000)
  to   space 11776K, 0% used [0x00000000e8900000,0x00000000e8900000,0x00000000e9480000)
 ParOldGen       total 34816K, used 12195K [0x00000000a0000000, 0x00000000a2200000, 0x00000000e0000000)
  object space 34816K, 35% used [0x00000000a0000000,0x00000000a0be8da0,0x00000000a2200000)
 Metaspace       used 31867K, capacity 32362K, committed 32688K, reserved 1077248K
  class space    used 4448K, capacity 4672K, committed 4784K, reserved 1048576K
}
Event: 10,143 GC heap before
{Heap before GC invocations=11 (full 1):
 PSYoungGen      total 128000K, used 24021K [0x00000000e0000000, 0x00000000e9480000, 0x0000000100000000)
  eden space 118784K, 12% used [0x00000000e0000000,0x00000000e0e7c120,0x00000000e7400000)
  from space 9216K, 99% used [0x00000000e7400000,0x00000000e7cf9338,0x00000000e7d00000)
  to   space 11776K, 0% used [0x00000000e8900000,0x00000000e8900000,0x00000000e9480000)
 ParOldGen       total 34816K, used 12195K [0x00000000a0000000, 0x00000000a2200000, 0x00000000e0000000)
  object space 34816K, 35% used [0x00000000a0000000,0x00000000a0be8da0,0x00000000a2200000)
 Metaspace       used 34769K, capacity 35324K, committed 35496K, reserved 1079296K
  class space    used 4840K, capacity 5064K, committed 5168K, reserved 1048576K
Event: 10,253 GC heap after
Heap after GC invocations=11 (full 1):
 PSYoungGen      total 140800K, used 5447K [0x00000000e0000000, 0x00000000eb980000, 0x0000000100000000)
  eden space 129024K, 0% used [0x00000000e0000000,0x00000000e0000000,0x00000000e7e00000)
  from space 11776K, 46% used [0x00000000e8900000,0x00000000e8e51e40,0x00000000e9480000)
  to   space 11264K, 0% used [0x00000000e7e00000,0x00000000e7e00000,0x00000000e8900000)
 ParOldGen       total 34816K, used 15415K [0x00000000a0000000, 0x00000000a2200000, 0x00000000e0000000)
  object space 34816K, 44% used [0x00000000a0000000,0x00000000a0f0de00,0x00000000a2200000)
 Metaspace       used 34769K, capacity 35324K, committed 35496K, reserved 1079296K
  class space    used 4840K, capacity 5064K, committed 5168K, reserved 1048576K
}
Event: 10,253 GC heap before
{Heap before GC invocations=12 (full 2):
 PSYoungGen      total 140800K, used 5447K [0x00000000e0000000, 0x00000000eb980000, 0x0000000100000000)
  eden space 129024K, 0% used [0x00000000e0000000,0x00000000e0000000,0x00000000e7e00000)
  from space 11776K, 46% used [0x00000000e8900000,0x00000000e8e51e40,0x00000000e9480000)
  to   space 11264K, 0% used [0x00000000e7e00000,0x00000000e7e00000,0x00000000e8900000)
 ParOldGen       total 34816K, used 15415K [0x00000000a0000000, 0x00000000a2200000, 0x00000000e0000000)
  object space 34816K, 44% used [0x00000000a0000000,0x00000000a0f0de00,0x00000000a2200000)
 Metaspace       used 34769K, capacity 35324K, committed 35496K, reserved 1079296K
  class space    used 4840K, capacity 5064K, committed 5168K, reserved 1048576K
Event: 10,469 GC heap after
Heap after GC invocations=12 (full 2):
 PSYoungGen      total 140800K, used 0K [0x00000000e0000000, 0x00000000eb980000, 0x0000000100000000)
  eden space 129024K, 0% used [0x00000000e0000000,0x00000000e0000000,0x00000000e7e00000)
  from space 11776K, 0% used [0x00000000e8900000,0x00000000e8900000,0x00000000e9480000)
  to   space 11264K, 0% used [0x00000000e7e00000,0x00000000e7e00000,0x00000000e8900000)
 ParOldGen       total 51712K, used 15719K [0x00000000a0000000, 0x00000000a3280000, 0x00000000e0000000)
  object space 51712K, 30% used [0x00000000a0000000,0x00000000a0f59d78,0x00000000a3280000)
 Metaspace       used 34769K, capacity 35324K, committed 35496K, reserved 1079296K
  class space    used 4840K, capacity 5064K, committed 5168K, reserved 1048576K
}
Event: 14,271 GC heap before
{Heap before GC invocations=13 (full 2):
 PSYoungGen      total 140800K, used 129024K [0x00000000e0000000, 0x00000000eb980000, 0x0000000100000000)
  eden space 129024K, 100% used [0x00000000e0000000,0x00000000e7e00000,0x00000000e7e00000)
  from space 11776K, 0% used [0x00000000e8900000,0x00000000e8900000,0x00000000e9480000)
  to   space 11264K, 0% used [0x00000000e7e00000,0x00000000e7e00000,0x00000000e8900000)
 ParOldGen       total 51712K, used 15719K [0x00000000a0000000, 0x00000000a3280000, 0x00000000e0000000)
  object space 51712K, 30% used [0x00000000a0000000,0x00000000a0f59d78,0x00000000a3280000)
 Metaspace       used 45282K, capacity 46162K, committed 46512K, reserved 1089536K
  class space    used 6189K, capacity 6490K, committed 6576K, reserved 1048576K
Event: 14,395 GC heap after
Heap after GC invocations=13 (full 2):
 PSYoungGen      total 140288K, used 11245K [0x00000000e0000000, 0x00000000ec200000, 0x0000000100000000)
  eden space 129024K, 0% used [0x00000000e0000000,0x00000000e0000000,0x00000000e7e00000)
  from space 11264K, 99% used [0x00000000e7e00000,0x00000000e88fb7a0,0x00000000e8900000)
  to   space 14848K, 0% used [0x00000000eb380000,0x00000000eb380000,0x00000000ec200000)
 ParOldGen       total 51712K, used 21537K [0x00000000a0000000, 0x00000000a3280000, 0x00000000e0000000)
  object space 51712K, 41% used [0x00000000a0000000,0x00000000a1508518,0x00000000a3280000)
 Metaspace       used 45282K, capacity 46162K, committed 46512K, reserved 1089536K
  class space    used 6189K, capacity 6490K, committed 6576K, reserved 1048576K
}
Event: 19,405 GC heap before
{Heap before GC invocations=14 (full 2):
 PSYoungGen      total 140288K, used 140269K [0x00000000e0000000, 0x00000000ec200000, 0x0000000100000000)
  eden space 129024K, 100% used [0x00000000e0000000,0x00000000e7e00000,0x00000000e7e00000)
  from space 11264K, 99% used [0x00000000e7e00000,0x00000000e88fb7a0,0x00000000e8900000)
  to   space 14848K, 0% used [0x00000000eb380000,0x00000000eb380000,0x00000000ec200000)
 ParOldGen       total 51712K, used 21537K [0x00000000a0000000, 0x00000000a3280000, 0x00000000e0000000)
  object space 51712K, 41% used [0x00000000a0000000,0x00000000a1508518,0x00000000a3280000)
 Metaspace       used 55274K, capacity 56668K, committed 56880K, reserved 1097728K
  class space    used 7479K, capacity 7867K, committed 7984K, reserved 1048576K
Event: 21,352 GC heap after
Heap after GC invocations=14 (full 2):
 PSYoungGen      total 182784K, used 12157K [0x00000000e0000000, 0x00000000ed800000, 0x0000000100000000)
  eden space 167936K, 0% used [0x00000000e0000000,0x00000000e0000000,0x00000000ea400000)
  from space 14848K, 81% used [0x00000000eb380000,0x00000000ebf5f588,0x00000000ec200000)
  to   space 15872K, 0% used [0x00000000ea400000,0x00000000ea400000,0x00000000eb380000)
 ParOldGen       total 51712K, used 30283K [0x00000000a0000000, 0x00000000a3280000, 0x00000000e0000000)
  object space 51712K, 58% used [0x00000000a0000000,0x00000000a1d92ee0,0x00000000a3280000)
 Metaspace       used 55274K, capacity 56668K, committed 56880K, reserved 1097728K
  class space    used 7479K, capacity 7867K, committed 7984K, reserved 1048576K
}
Event: 164,144 GC heap before
{Heap before GC invocations=15 (full 2):
 PSYoungGen      total 182784K, used 45480K [0x00000000e0000000, 0x00000000ed800000, 0x0000000100000000)
  eden space 167936K, 19% used [0x00000000e0000000,0x00000000e208ab30,0x00000000ea400000)
  from space 14848K, 81% used [0x00000000eb380000,0x00000000ebf5f588,0x00000000ec200000)
  to   space 15872K, 0% used [0x00000000ea400000,0x00000000ea400000,0x00000000eb380000)
 ParOldGen       total 51712K, used 30283K [0x00000000a0000000, 0x00000000a3280000, 0x00000000e0000000)
  object space 51712K, 58% used [0x00000000a0000000,0x00000000a1d92ee0,0x00000000a3280000)
 Metaspace       used 57538K, capacity 58990K, committed 59160K, reserved 1099776K
  class space    used 7835K, capacity 8222K, committed 8240K, reserved 1048576K

